<?xml version="1.0" encoding="UTF-8"?>
<testng-results ignored="0" total="1" passed="1" failed="0" skipped="0">
  <reporter-output>
    <line>
      <![CDATA[====connected to DataBase======]]>
    </line>
    <line>
      <![CDATA[========Database Close=========]]>
    </line>
  </reporter-output>
  <suite started-at="2022-12-05T21:46:55 IST" name="Default suite" finished-at="2022-12-05T21:46:58 IST" duration-ms="2939">
    <groups>
    </groups>
    <test started-at="2022-12-05T21:46:55 IST" name="Default test" finished-at="2022-12-05T21:46:58 IST" duration-ms="2939">
      <class name="EndToEndScenerio.CreateAndVerifyWithBaseAPI">
        <test-method is-config="true" signature="bsConfig()[pri:0, instance:EndToEndScenerio.CreateAndVerifyWithBaseAPI@2fd1433e]" started-at="2022-12-05T21:46:54 IST" name="bsConfig" finished-at="2022-12-05T21:46:55 IST" duration-ms="1167" status="PASS">
          <reporter-output>
            <line>
              <![CDATA[====connected to DataBase======]]>
            </line>
          </reporter-output>
        </test-method> <!-- bsConfig -->
        <test-method signature="createProject()[pri:0, instance:EndToEndScenerio.CreateAndVerifyWithBaseAPI@2fd1433e]" started-at="2022-12-05T21:46:55 IST" name="createProject" finished-at="2022-12-05T21:46:58 IST" duration-ms="2892" status="PASS">
          <reporter-output>
          </reporter-output>
        </test-method> <!-- createProject -->
        <test-method is-config="true" signature="asConfig()[pri:0, instance:EndToEndScenerio.CreateAndVerifyWithBaseAPI@2fd1433e]" started-at="2022-12-05T21:46:58 IST" name="asConfig" finished-at="2022-12-05T21:46:58 IST" duration-ms="8" status="PASS">
          <reporter-output>
            <line>
              <![CDATA[========Database Close=========]]>
            </line>
          </reporter-output>
        </test-method> <!-- asConfig -->
      </class> <!-- EndToEndScenerio.CreateAndVerifyWithBaseAPI -->
    </test> <!-- Default test -->
  </suite> <!-- Default suite -->
</testng-results>
