<?xml version="1.0" encoding="UTF-8"?>
<testng-results ignored="0" total="1" passed="1" failed="0" skipped="0">
  <reporter-output>
  </reporter-output>
  <suite started-at="2022-08-16T21:02:10 IST" name="Default suite" finished-at="2022-08-16T21:02:40 IST" duration-ms="29635">
    <groups>
    </groups>
    <test started-at="2022-08-16T21:02:10 IST" name="Default test" finished-at="2022-08-16T21:02:40 IST" duration-ms="29635">
      <class name="dummy1.practiceTest">
        <test-method signature="demoTest()[pri:0, instance:dummy1.practiceTest@29e495ff]" started-at="2022-08-16T21:02:10 IST" name="demoTest" finished-at="2022-08-16T21:02:40 IST" duration-ms="29577" status="PASS">
          <reporter-output>
          </reporter-output>
        </test-method> <!-- demoTest -->
      </class> <!-- dummy1.practiceTest -->
    </test> <!-- Default test -->
  </suite> <!-- Default suite -->
</testng-results>
