<?xml version="1.0" encoding="UTF-8"?>
<testng-results ignored="0" total="4" passed="4" failed="0" skipped="0">
  <reporter-output>
  </reporter-output>
  <suite started-at="2023-09-13T00:19:08 IST" name="Suite" finished-at="2023-09-13T00:19:52 IST" duration-ms="44341">
    <groups>
      <group name="smoke">
        <method signature="Second.Cashora()[pri:0, instance:TestNgProgramms.Second@13fd2ccd]" name="Cashora" class="TestNgProgramms.Second"/>
        <method signature="Second.myntra()[pri:0, instance:TestNgProgramms.Second@13fd2ccd]" name="myntra" class="TestNgProgramms.Second"/>
      </group> <!-- smoke -->
    </groups>
    <test started-at="2023-09-13T00:19:08 IST" name="Test1" finished-at="2023-09-13T00:19:46 IST" duration-ms="38112">
      <class name="TestNgProgramms.First">
        <test-method signature="Cashora()[pri:0, instance:TestNgProgramms.First@56cdfb3b]" started-at="2023-09-13T00:19:08 IST" name="Cashora" finished-at="2023-09-13T00:19:29 IST" duration-ms="20542" status="PASS">
          <reporter-output>
          </reporter-output>
        </test-method> <!-- Cashora -->
        <test-method signature="google()[pri:0, instance:TestNgProgramms.First@56cdfb3b]" started-at="2023-09-13T00:19:29 IST" name="google" finished-at="2023-09-13T00:19:46 IST" duration-ms="17503" status="PASS">
          <reporter-output>
          </reporter-output>
        </test-method> <!-- google -->
      </class> <!-- TestNgProgramms.First -->
    </test> <!-- Test1 -->
    <test started-at="2023-09-13T00:19:08 IST" name="Test2" finished-at="2023-09-13T00:19:52 IST" duration-ms="44340">
      <class name="TestNgProgramms.Second">
        <test-method signature="Cashora()[pri:0, instance:TestNgProgramms.Second@13fd2ccd]" started-at="2023-09-13T00:19:08 IST" name="Cashora" finished-at="2023-09-13T00:19:52 IST" duration-ms="44277" status="PASS">
          <reporter-output>
          </reporter-output>
        </test-method> <!-- Cashora -->
        <test-method signature="myntra()[pri:0, instance:TestNgProgramms.Second@13fd2ccd]" started-at="2023-09-13T00:19:52 IST" name="myntra" finished-at="2023-09-13T00:19:52 IST" duration-ms="2" status="PASS">
          <reporter-output>
          </reporter-output>
        </test-method> <!-- myntra -->
      </class> <!-- TestNgProgramms.Second -->
    </test> <!-- Test2 -->
  </suite> <!-- Suite -->
</testng-results>
