<?xml version="1.0" encoding="UTF-8"?>
<!-- Generated by org.testng.reporters.JUnitXMLReporter -->
<testsuite ignored="2" hostname="LAPTOP-FNHVNRNU" failures="0" tests="2" name="Test" time="0.064" errors="0" timestamp="2022-12-28T21:29:34 IST">
  <testcase classname="TestNG.Sample" name="rtest" time="0.01"/>
  <testcase classname="TestNG.GroupEx" name="smoke" time="0.002"/>
  <testcase classname="TestNG.GroupEx" name="sanity1" time="0.0">
    <ignored/>
  </testcase> <!-- sanity1 -->
  <testcase classname="TestNG.Sample" name="reg" time="0.0">
    <ignored/>
  </testcase> <!-- reg -->
</testsuite> <!-- Test -->
