<?xml version="1.0" encoding="UTF-8"?>
<testng-results ignored="0" total="1" passed="1" failed="0" skipped="0">
  <reporter-output>
  </reporter-output>
  <suite started-at="2022-08-16T20:13:10 IST" name="Default suite" finished-at="2022-08-16T20:13:35 IST" duration-ms="25488">
    <groups>
    </groups>
    <test started-at="2022-08-16T20:13:10 IST" name="Default test" finished-at="2022-08-16T20:13:35 IST" duration-ms="25488">
      <class name="Practice.JenkinTest">
        <test-method signature="jenkinTest()[pri:0, instance:Practice.JenkinTest@1e6454ec]" started-at="2022-08-16T20:13:10 IST" name="jenkinTest" finished-at="2022-08-16T20:13:35 IST" duration-ms="25425" status="PASS">
          <reporter-output>
          </reporter-output>
        </test-method> <!-- jenkinTest -->
      </class> <!-- Practice.JenkinTest -->
    </test> <!-- Default test -->
  </suite> <!-- Default suite -->
</testng-results>
